<?xml version="1.0" encoding="UTF-8"?>
<!-- Generated by org.testng.reporters.JUnitReportReporter -->
<testsuite hostname="QT-INBG-LT0746" failures="0" tests="1" name="auto.loginTest" time="3.459" errors="0" timestamp="2022-09-19T11:08:20 IST" skipped="0">
  <testcase classname="auto.loginTest" name="register" time="3.459"/>
  <system-out/>
</testsuite> <!-- auto.loginTest -->
