<?xml version="1.0" encoding="UTF-8"?>
<!-- Generated by org.testng.reporters.JUnitReportReporter -->
<testsuite hostname="QT-INBG-LT0746" failures="0" tests="1" name="auto.registration" time="12.260" errors="0" timestamp="2022-09-19T11:08:20 IST" skipped="0">
  <testcase classname="auto.registration" name="setup" time="12.260"/>
  <system-out/>
</testsuite> <!-- auto.registration -->
